TN:
SF:server.js
FNF:0
FNH:0
DA:1,1
DA:2,1
DA:3,1
DA:4,1
DA:5,1
DA:6,1
DA:7,1
DA:8,1
DA:9,1
DA:10,1
DA:11,1
DA:12,1
DA:13,1
LF:13
LH:13
BRDA:13,0,0,4
BRDA:10,1,0,0
BRDA:11,2,0,4
BRF:3
BRH:2
end_of_record
TN:
SF:middleware/error.js
FN:3,module.exports
FNF:1
FNH:0
FNDA:0,module.exports
DA:1,1
DA:2,1
DA:3,1
DA:4,1
DA:5,1
DA:6,1
DA:7,1
DA:8,1
LF:8
LH:8
BRDA:8,0,0,4
BRF:1
BRH:1
end_of_record
TN:
SF:models/index.js
FNF:0
FNH:0
DA:1,1
DA:2,1
DA:3,1
DA:4,1
DA:5,1
DA:6,1
DA:7,1
DA:8,1
DA:9,1
DA:10,1
DA:11,1
DA:12,1
DA:13,1
DA:14,1
DA:15,1
DA:16,1
DA:17,1
DA:18,1
DA:19,1
DA:20,1
DA:21,1
DA:22,1
DA:23,1
DA:24,1
DA:25,1
DA:26,1
DA:27,1
DA:28,1
DA:29,1
DA:30,1
DA:31,1
DA:32,1
DA:33,1
DA:34,1
DA:35,1
DA:36,1
LF:36
LH:36
BRDA:36,0,0,4
BRDA:7,1,0,0
BRDA:12,2,0,0
BRDA:20,3,0,12
BRDA:27,4,0,12
BRF:5
BRH:3
end_of_record
TN:
SF:models/registration.js
FN:2,module.exports
FN:11,Registration.associate
FNF:2
FNH:2
FNDA:4,module.exports
FNDA:4,Registration.associate
DA:1,1
DA:2,1
DA:3,1
DA:4,1
DA:5,1
DA:6,1
DA:7,1
DA:8,1
DA:9,1
DA:10,1
DA:11,1
DA:12,4
DA:13,4
DA:14,4
DA:15,1
DA:16,1
DA:17,1
LF:17
LH:17
BRDA:17,0,0,4
BRDA:2,1,0,4
BRDA:11,2,0,4
BRF:3
BRH:3
end_of_record
TN:
SF:models/student.js
FN:2,module.exports
FN:17,Student.associate
FNF:2
FNH:2
FNDA:4,module.exports
FNDA:4,Student.associate
DA:1,1
DA:2,1
DA:3,1
DA:4,1
DA:5,1
DA:6,1
DA:7,1
DA:8,1
DA:9,1
DA:10,1
DA:11,1
DA:12,1
DA:13,1
DA:14,1
DA:15,1
DA:16,1
DA:17,1
DA:18,4
DA:19,4
DA:20,1
DA:21,1
LF:21
LH:21
BRDA:21,0,0,4
BRDA:2,1,0,4
BRDA:17,2,0,4
BRF:3
BRH:3
end_of_record
TN:
SF:models/teacher.js
FN:2,module.exports
FN:16,Teacher.associate
FNF:2
FNH:2
FNDA:4,module.exports
FNDA:4,Teacher.associate
DA:1,1
DA:2,1
DA:3,1
DA:4,1
DA:5,1
DA:6,1
DA:7,1
DA:8,1
DA:9,1
DA:10,1
DA:11,1
DA:12,1
DA:13,1
DA:14,1
DA:15,1
DA:16,1
DA:17,4
DA:18,4
DA:19,1
DA:20,1
LF:20
LH:20
BRDA:20,0,0,4
BRDA:2,1,0,4
BRDA:16,2,0,4
BRF:3
BRH:3
end_of_record
TN:
SF:repositories/commonStudentsRepo.js
FN:7,getCommonStudents
FNF:1
FNH:1
FNDA:2,getCommonStudents
DA:1,1
DA:2,1
DA:3,1
DA:4,1
DA:5,1
DA:6,1
DA:7,1
DA:8,1
DA:9,1
DA:10,1
DA:11,1
DA:12,1
DA:13,1
DA:14,1
DA:15,1
DA:16,1
DA:17,1
DA:18,1
DA:19,1
DA:20,1
DA:21,1
DA:22,1
DA:23,1
DA:24,1
DA:25,1
DA:26,1
DA:27,1
DA:28,1
DA:29,1
DA:30,1
DA:31,1
DA:32,1
DA:33,1
DA:34,1
DA:35,1
DA:36,1
DA:37,1
DA:38,1
DA:39,1
DA:40,1
DA:41,1
DA:42,1
LF:42
LH:42
BRDA:42,0,0,4
BRDA:7,1,0,2
BRDA:29,2,0,5
BRDA:34,3,0,5
BRDA:37,4,0,5
BRF:5
BRH:5
end_of_record
TN:
SF:repositories/notificationRepo.js
FN:6,retrieveForNotifications
FNF:1
FNH:1
FNDA:3,retrieveForNotifications
DA:1,1
DA:2,1
DA:3,1
DA:4,1
DA:5,1
DA:6,1
DA:7,1
DA:8,1
DA:9,1
DA:10,1
DA:11,1
DA:12,1
DA:13,1
DA:14,1
DA:15,1
DA:16,1
DA:17,1
DA:18,1
DA:19,1
DA:20,1
DA:21,1
DA:22,1
DA:23,1
DA:24,1
DA:25,1
LF:25
LH:25
BRDA:25,0,0,4
BRDA:6,1,0,3
BRDA:16,2,0,7
BRDA:18,3,0,7
BRDA:18,4,0,0
BRF:5
BRH:4
end_of_record
TN:
SF:repositories/registrationRepo.js
FN:6,register
FNF:1
FNH:1
FNDA:29,register
DA:1,1
DA:2,1
DA:3,1
DA:4,1
DA:5,1
DA:6,1
DA:7,1
DA:8,1
DA:9,1
DA:10,1
DA:11,1
DA:12,1
DA:13,1
DA:14,27
DA:15,27
DA:16,27
DA:17,1
DA:18,1
DA:19,1
DA:20,1
DA:21,70
DA:22,70
DA:23,58
DA:24,70
DA:25,0
DA:26,1
DA:27,1
DA:28,1
DA:29,1
DA:30,1
DA:31,1
DA:32,1
DA:33,70
DA:34,70
DA:35,70
DA:36,70
DA:37,70
DA:38,68
DA:39,68
DA:40,68
DA:41,68
DA:42,68
DA:43,68
DA:44,70
DA:45,0
DA:46,1
DA:47,1
DA:48,1
DA:49,1
DA:50,1
DA:51,1
DA:52,0
DA:53,0
DA:54,0
DA:55,0
DA:56,0
DA:57,1
DA:58,1
DA:59,1
LF:59
LH:52
BRDA:59,0,0,4
BRDA:6,1,0,29
BRDA:13,2,0,27
BRDA:51,3,0,0
BRDA:20,4,0,70
BRDA:22,5,0,12
BRDA:22,6,0,58
BRDA:24,7,0,0
BRDA:32,8,0,70
BRDA:37,9,0,68
BRDA:44,10,0,0
BRF:11
BRH:8
end_of_record
TN:
SF:repositories/studentRepo.js
FN:4,createStudent
FN:12,findStudentByEmail
FN:21,suspendStudentByEmail
FNF:3
FNH:3
FNDA:58,createStudent
FNDA:90,findStudentByEmail
FNDA:18,suspendStudentByEmail
DA:1,1
DA:2,1
DA:3,1
DA:4,1
DA:5,1
DA:6,1
DA:7,1
DA:8,1
DA:9,1
DA:10,1
DA:11,1
DA:12,1
DA:13,1
DA:14,1
DA:15,1
DA:16,1
DA:17,1
DA:18,1
DA:19,1
DA:20,1
DA:21,1
DA:22,1
DA:23,1
DA:24,1
DA:25,1
DA:26,1
DA:27,1
DA:28,1
LF:28
LH:28
BRDA:28,0,0,4
BRDA:4,1,0,58
BRDA:12,2,0,90
BRDA:21,3,0,18
BRF:4
BRH:4
end_of_record
TN:
SF:repositories/teacherRepo.js
FN:4,findTeacherByEmail
FN:13,createTeacher
FNF:2
FNH:2
FNDA:33,findTeacherByEmail
FNDA:27,createTeacher
DA:1,1
DA:2,1
DA:3,1
DA:4,1
DA:5,1
DA:6,1
DA:7,1
DA:8,1
DA:9,1
DA:10,1
DA:11,1
DA:12,1
DA:13,1
DA:14,1
DA:15,1
DA:16,1
DA:17,1
DA:18,1
DA:19,1
DA:20,1
DA:21,1
DA:22,1
DA:23,1
DA:24,1
LF:24
LH:24
BRDA:24,0,0,4
BRDA:4,1,0,33
BRDA:13,2,0,27
BRF:3
BRH:3
end_of_record
TN:
SF:routes/commonstudents.js
FN:7,validate
FNF:1
FNH:1
FNDA:4,validate
DA:1,1
DA:2,1
DA:3,1
DA:4,1
DA:5,1
DA:6,1
DA:7,4
DA:8,4
DA:9,4
DA:10,4
DA:11,4
DA:12,4
DA:13,4
DA:14,4
DA:15,4
DA:16,4
DA:17,4
DA:18,4
DA:19,4
DA:20,1
DA:21,1
DA:22,1
DA:23,1
DA:24,1
DA:25,1
DA:26,1
DA:27,1
DA:28,1
DA:29,1
DA:30,1
DA:31,1
LF:31
LH:31
BRDA:31,0,0,4
BRDA:7,1,0,4
BRDA:21,2,0,4
BRDA:23,3,0,3
BRDA:23,4,0,1
BRF:5
BRH:5
end_of_record
TN:
SF:routes/register.js
FN:6,validate
FNF:1
FNH:1
FNDA:34,validate
DA:1,1
DA:2,1
DA:3,1
DA:4,1
DA:5,1
DA:6,34
DA:7,34
DA:8,34
DA:9,34
DA:10,34
DA:11,34
DA:12,34
DA:13,34
DA:14,34
DA:15,1
DA:16,1
DA:17,1
DA:18,1
DA:19,1
DA:20,1
DA:21,1
DA:22,1
DA:23,1
DA:24,1
DA:25,1
DA:26,1
LF:26
LH:26
BRDA:26,0,0,4
BRDA:6,1,0,34
BRDA:16,2,0,34
BRDA:18,3,0,5
BRF:4
BRH:4
end_of_record
TN:
SF:routes/retrievefornotifications.js
FN:8,validate
FNF:1
FNH:1
FNDA:8,validate
DA:1,1
DA:2,1
DA:3,1
DA:4,1
DA:5,1
DA:6,1
DA:7,1
DA:8,8
DA:9,8
DA:10,8
DA:11,8
DA:12,8
DA:13,8
DA:14,8
DA:15,8
DA:16,8
DA:17,1
DA:18,1
DA:19,1
DA:20,1
DA:21,4
DA:22,4
DA:23,4
DA:24,4
DA:25,1
DA:26,1
DA:27,1
DA:28,1
DA:29,1
DA:30,1
DA:31,1
DA:32,1
DA:33,1
DA:34,1
DA:35,1
DA:36,1
DA:37,1
LF:37
LH:37
BRDA:37,0,0,4
BRDA:8,1,0,8
BRDA:18,2,0,8
BRDA:20,3,0,4
BRDA:25,4,0,1
BRF:5
BRH:5
end_of_record
TN:
SF:routes/suspend.js
FN:6,validate
FNF:1
FNH:1
FNDA:22,validate
DA:1,1
DA:2,1
DA:3,1
DA:4,1
DA:5,1
DA:6,22
DA:7,22
DA:8,22
DA:9,22
DA:10,22
DA:11,22
DA:12,22
DA:13,22
DA:14,22
DA:15,1
DA:16,1
DA:17,1
DA:18,1
DA:19,20
DA:20,20
DA:21,20
DA:22,20
DA:23,1
DA:24,1
DA:25,1
DA:26,1
DA:27,1
DA:28,1
DA:29,1
DA:30,1
DA:31,1
LF:31
LH:31
BRDA:31,0,0,4
BRDA:6,1,0,22
BRDA:16,2,0,22
BRDA:18,3,0,2
BRDA:18,4,0,20
BRDA:23,5,0,1
BRDA:23,6,0,19
BRDA:24,7,0,1
BRF:8
BRH:8
end_of_record
TN:
SF:seeders/syncDb.js
FN:4,syncDb
FNF:1
FNH:1
FNDA:34,syncDb
DA:1,1
DA:2,1
DA:3,1
DA:4,1
DA:5,1
DA:6,1
DA:7,1
DA:8,1
LF:8
LH:8
BRDA:8,0,0,4
BRDA:4,1,0,34
BRF:2
BRH:2
end_of_record
TN:
SF:startup/logging.js
FN:4,module.exports
FNF:1
FNH:1
FNDA:4,module.exports
DA:1,1
DA:2,1
DA:3,1
DA:4,1
DA:5,1
DA:6,1
DA:7,1
DA:8,1
DA:9,1
DA:10,1
DA:11,0
DA:12,0
DA:13,1
DA:14,1
DA:15,1
LF:15
LH:13
BRDA:15,0,0,4
BRDA:4,1,0,4
BRF:2
BRH:2
end_of_record
TN:
SF:startup/prod.js
FN:7,module.exports
FNF:1
FNH:1
FNDA:4,module.exports
DA:1,1
DA:2,1
DA:3,1
DA:4,1
DA:5,1
DA:6,1
DA:7,1
DA:8,1
DA:9,1
DA:10,1
DA:11,1
DA:12,1
DA:13,1
DA:14,1
DA:15,1
DA:16,1
DA:17,1
DA:18,1
DA:19,1
DA:20,1
DA:21,1
LF:21
LH:21
BRDA:21,0,0,4
BRDA:7,1,0,4
BRF:2
BRH:2
end_of_record
TN:
SF:startup/routes.js
FN:9,module.exports
FNF:1
FNH:1
FNDA:4,module.exports
DA:1,1
DA:2,1
DA:3,1
DA:4,1
DA:5,1
DA:6,1
DA:7,1
DA:8,1
DA:9,1
DA:10,1
DA:11,1
DA:12,1
DA:13,1
DA:14,1
DA:15,1
DA:16,1
LF:16
LH:16
BRDA:16,0,0,4
BRDA:9,1,0,4
BRF:2
BRH:2
end_of_record
TN:
SF:utils/getEmailMentions.js
FN:3,getEmailMentions
FNF:1
FNH:1
FNDA:3,getEmailMentions
DA:1,1
DA:2,1
DA:3,1
DA:4,1
DA:5,1
DA:6,1
DA:7,1
DA:8,1
DA:9,1
DA:10,1
DA:11,1
DA:12,1
LF:12
LH:12
BRDA:12,0,0,4
BRDA:3,1,0,3
BRDA:5,2,0,13
BRDA:5,3,0,7
BRDA:6,4,0,7
BRF:5
BRH:5
end_of_record
TN:
SF:utils/regexValidation.js
FN:1,validateEmail
FNF:1
FNH:1
FNDA:7,validateEmail
DA:1,1
DA:2,1
DA:3,1
DA:4,1
DA:5,1
DA:6,1
DA:7,1
DA:8,1
LF:8
LH:8
BRDA:8,0,0,4
BRDA:1,1,0,7
BRF:2
BRH:2
end_of_record
TN:
SF:utils/transformUtility.js
FN:1,convertToArray
FNF:1
FNH:1
FNDA:3,convertToArray
DA:1,1
DA:2,1
DA:3,1
DA:4,1
DA:5,1
LF:5
LH:5
BRDA:5,0,0,4
BRDA:1,1,0,3
BRDA:1,2,0,0
BRF:3
BRH:2
end_of_record
